#
# A fatal error has been detected by the Java Runtime Environment:
#
#  EXCEPTION_ACCESS_VIOLATION (0xc0000005) at pc=0x0000000180005b00, pid=9124, tid=0x0000000000003e48
#
# JRE version: OpenJDK Runtime Environment (8.0_252-b09) (build 1.8.0_252-b09)
# Java VM: OpenJDK 64-Bit Server VM (25.252-b09 mixed mode windows-amd64 compressed oops)
# Problematic frame:
# C  [rxtxSerial.dll+0x5b00]
#
# Failed to write core dump. Minidumps are not enabled by default on client versions of Windows
#
# If you would like to submit a bug report, please visit:
#   http://bugreport.java.com/bugreport/crash.jsp
# The crash happened outside the Java Virtual Machine in native code.
# See problematic frame for where to report the bug.
#

---------------  T H R E A D  ---------------

Current thread (0x000001f066c99800):  JavaThread "Thread-0" [_thread_in_native, id=15944, stack(0x00000070b6c00000,0x00000070b6d00000)]

siginfo: ExceptionCode=0xc0000005, reading address 0xffffffffb6cfecd8

Registers:
RAX=0x0000000000000001, RBX=0x0000000000000000, RCX=0x000000018001d4d5, RDX=0xfffffffffffff665
RSP=0x00000070b6cfe400, RBP=0x00000000ffffffff, RSI=0x0000000000000000, RDI=0x000001f066c999e0
R8 =0x0000000000000002, R9 =0xfffffffffffff63c, R10=0x0000000000000000, R11=0x8101010101010100
R12=0xffffffffb6cfecd0, R13=0x0000000000000001, R14=0x00000070b6cfe5a0, R15=0x0000000000000000
RIP=0x0000000180005b00, EFLAGS=0x0000000000010202

Top of Stack: (sp=0x00000070b6cfe400)
0x00000070b6cfe400:   0000000000000000 0000000000000000
0x00000070b6cfe410:   00000070b6cfe5a0 0000000000000000
0x00000070b6cfe420:   000001f066c99800 00000070b6cfe5a0
0x00000070b6cfe430:   000001f06471ae78 00000070b6cfe5a0
0x00000070b6cfe440:   ffffffffffffffff 0000000000000001
0x00000070b6cfe450:   000001f066d24790 0000000180005f3f
0x00000070b6cfe460:   000001f066c999e0 000001f066c999e0
0x00000070b6cfe470:   000001f000000001 00000070b6cfe490
0x00000070b6cfe480:   000001f000000001 00000000ffffffff
0x00000070b6cfe490:   00000070b6cfe930 00000070b6cfe5a0
0x00000070b6cfe4a0:   000001f000000000 00000070b6cfe608
0x00000070b6cfe4b0:   000001f06471ae80 000001f066c99800
0x00000070b6cfe4c0:   000001f06471ae80 000001f066c99800
0x00000070b6cfe4d0:   000001f050580577 000001f050599ae6
0x00000070b6cfe4e0:   000021f95c8b5116 000001f066c99800
0x00000070b6cfe4f0:   0000000000000000 000001f050580577 

Instructions: (pc=0x0000000180005b00)
0x0000000180005ae0:   15 23 7a 01 00 48 8d 48 60 e8 3a 5d 00 00 4c 8b
0x0000000180005af0:   e5 8b ac 24 88 00 00 00 44 8b ac 24 80 00 00 00
0x0000000180005b00:   45 8b 74 24 08 41 89 5c 24 08 41 8b fd 85 ed 78
0x0000000180005b10:   09 ff 15 e9 14 01 00 44 8b f8 45 85 ed 7e 4a 90 


Register to memory mapping:

RAX=0x0000000000000001 is an unknown value
RBX=0x0000000000000000 is an unknown value
RCX=0x000000018001d4d5 is an unknown value
RDX=0xfffffffffffff665 is an unknown value
RSP=0x00000070b6cfe400 is pointing into the stack for thread: 0x000001f066c99800
RBP=0x00000000ffffffff is an unallocated location in the heap
RSI=0x0000000000000000 is an unknown value
RDI=0x000001f066c999e0 is an unknown value
R8 =0x0000000000000002 is an unknown value
R9 =0xfffffffffffff63c is an unknown value
R10=0x0000000000000000 is an unknown value
R11=0x8101010101010100 is an unknown value
R12=0xffffffffb6cfecd0 is an unknown value
R13=0x0000000000000001 is an unknown value
R14=0x00000070b6cfe5a0 is pointing into the stack for thread: 0x000001f066c99800
R15=0x0000000000000000 is an unknown value


Stack: [0x00000070b6c00000,0x00000070b6d00000],  sp=0x00000070b6cfe400,  free space=1017k
Native frames: (J=compiled Java code, j=interpreted, Vv=VM code, C=native code)
C  [rxtxSerial.dll+0x5b00]
C  [rxtxSerial.dll+0x5f3f]
C  0x000001f050599c8e

Java frames: (J=compiled Java code, j=interpreted, Vv=VM code)
j  gnu.io.RXTXPort.readByte()I+0
j  gnu.io.RXTXPort$SerialInputStream.read()I+81
j  TwoWaySerialComm$SerialReader.serialEvent(Lgnu/io/SerialPortEvent;)V+29
j  gnu.io.RXTXPort.sendEvent(IZ)Z+382
v  ~StubRoutines::call_stub
j  gnu.io.RXTXPort.eventLoop()V+0
j  gnu.io.RXTXPort$MonitorThread.run()V+12
v  ~StubRoutines::call_stub

---------------  P R O C E S S  ---------------

Java Threads: ( => current thread )
  0x000001f066c97800 JavaThread "Thread-1" [_thread_in_native, id=15024, stack(0x00000070b6d00000,0x00000070b6e00000)]
=>0x000001f066c99800 JavaThread "Thread-0" [_thread_in_native, id=15944, stack(0x00000070b6c00000,0x00000070b6d00000)]
  0x000001f066c30800 JavaThread "Service Thread" daemon [_thread_blocked, id=12464, stack(0x00000070b6a00000,0x00000070b6b00000)]
  0x000001f06586b800 JavaThread "C1 CompilerThread3" daemon [_thread_blocked, id=2412, stack(0x00000070b6900000,0x00000070b6a00000)]
  0x000001f065850000 JavaThread "C2 CompilerThread2" daemon [_thread_blocked, id=15356, stack(0x00000070b6800000,0x00000070b6900000)]
  0x000001f06584c000 JavaThread "C2 CompilerThread1" daemon [_thread_blocked, id=8660, stack(0x00000070b6700000,0x00000070b6800000)]
  0x000001f06583d800 JavaThread "C2 CompilerThread0" daemon [_thread_blocked, id=2212, stack(0x00000070b6600000,0x00000070b6700000)]
  0x000001f06583b000 JavaThread "Attach Listener" daemon [_thread_blocked, id=11388, stack(0x00000070b6500000,0x00000070b6600000)]
  0x000001f065834000 JavaThread "Signal Dispatcher" daemon [_thread_blocked, id=7492, stack(0x00000070b6400000,0x00000070b6500000)]
  0x000001f065810000 JavaThread "Finalizer" daemon [_thread_blocked, id=10136, stack(0x00000070b6300000,0x00000070b6400000)]
  0x000001f065809000 JavaThread "Reference Handler" daemon [_thread_blocked, id=4484, stack(0x00000070b6200000,0x00000070b6300000)]
  0x000001f04ebc4800 JavaThread "main" [_thread_in_native, id=6964, stack(0x00000070b5800000,0x00000070b5900000)]

Other Threads:
  0x000001f0657e2800 VMThread [stack: 0x00000070b6100000,0x00000070b6200000] [id=1360]
  0x000001f0658bb000 WatcherThread [stack: 0x00000070b6b00000,0x00000070b6c00000] [id=15584]

VM state:not at safepoint (normal execution)

VM Mutex/Monitor currently owned by a thread: None

heap address: 0x0000000081c00000, size: 2020 MB, Compressed Oops mode: 32-bit
Narrow klass base: 0x0000000000000000, Narrow klass shift: 3
Compressed class space size: 1073741824 Address: 0x0000000100000000

Heap:
 PSYoungGen      total 38400K, used 2662K [0x00000000d5f00000, 0x00000000d8980000, 0x0000000100000000)
  eden space 33280K, 8% used [0x00000000d5f00000,0x00000000d6199a20,0x00000000d7f80000)
  from space 5120K, 0% used [0x00000000d8480000,0x00000000d8480000,0x00000000d8980000)
  to   space 5120K, 0% used [0x00000000d7f80000,0x00000000d7f80000,0x00000000d8480000)
 ParOldGen       total 87552K, used 0K [0x0000000081c00000, 0x0000000087180000, 0x00000000d5f00000)
  object space 87552K, 0% used [0x0000000081c00000,0x0000000081c00000,0x0000000087180000)
 Metaspace       used 3615K, capacity 4674K, committed 4864K, reserved 1056768K
  class space    used 392K, capacity 426K, committed 512K, reserved 1048576K

Card table byte_map: [0x000001f05f940000,0x000001f05fd40000] byte_map_base: 0x000001f05f532000

Marking Bits: (ParMarkBitMap*) 0x00000000740f5010
 Begin Bits: [0x000001f05fff0000, 0x000001f061f80000)
 End Bits:   [0x000001f061f80000, 0x000001f063f10000)

Polling page: 0x000001f04eb80000

CodeCache: size=245760Kb used=1251Kb max_used=1251Kb free=244508Kb
 bounds [0x000001f050580000, 0x000001f0507f0000, 0x000001f05f580000]
 total_blobs=334 nmethods=91 adapters=157
 compilation: enabled

Compilation events (10 events):
Event: 0.312 Thread 0x000001f06586b800   79       3       java.util.concurrent.ConcurrentHashMap::setTabAt (19 bytes)
Event: 0.312 Thread 0x000001f06586b800 nmethod 79 0x000001f0506b1a50 code [0x000001f0506b1ba0, 0x000001f0506b1d18]
Event: 0.313 Thread 0x000001f06586b800   81       1       java.net.URL::getQuery (5 bytes)
Event: 0.313 Thread 0x000001f06586b800 nmethod 81 0x000001f0506b1d90 code [0x000001f0506b1ee0, 0x000001f0506b1ff8]
Event: 0.314 Thread 0x000001f06586b800   82       3       java.util.concurrent.ConcurrentHashMap::spread (10 bytes)
Event: 0.314 Thread 0x000001f06586b800 nmethod 82 0x000001f0506b2490 code [0x000001f0506b25e0, 0x000001f0506b2738]
Event: 0.314 Thread 0x000001f06586b800   85   !   3       java.util.concurrent.ConcurrentHashMap::putVal (362 bytes)
Event: 0.315 Thread 0x000001f06586b800 nmethod 85 0x000001f0506b27d0 code [0x000001f0506b2a80, 0x000001f0506b4420]
Event: 0.315 Thread 0x000001f06586b800   84       3       java.util.concurrent.ConcurrentHashMap::casTabAt (20 bytes)
Event: 0.315 Thread 0x000001f06586b800 nmethod 84 0x000001f0506b5090 code [0x000001f0506b51e0, 0x000001f0506b5358]

GC Heap History (0 events):
No events

Deoptimization events (0 events):
No events

Classes redefined (0 events):
No events

Internal exceptions (10 events):
Event: 0.022 Thread 0x000001f04ebc4800 Exception <a 'java/lang/NoSuchMethodError': Method sun.misc.Unsafe.defineClass(Ljava/lang/String;[BII)Ljava/lang/Class; name or signature does not match> (0x00000000d5f07cc0) thrown at [J:\jenkins\tmp\workspace\build\src\hotspot\src\share\vm\prims\jni.cpp
Event: 0.022 Thread 0x000001f04ebc4800 Exception <a 'java/lang/NoSuchMethodError': Method sun.misc.Unsafe.prefetchRead(Ljava/lang/Object;J)V name or signature does not match> (0x00000000d5f07fa8) thrown at [J:\jenkins\tmp\workspace\build\src\hotspot\src\share\vm\prims\jni.cpp, line 4013]
Event: 0.076 Thread 0x000001f04ebc4800 Exception <a 'java/io/FileNotFoundException'> (0x00000000d5fa40c0) thrown at [J:\jenkins\tmp\workspace\build\src\hotspot\src\share\vm\prims\jni.cpp, line 710]
Event: 0.282 Thread 0x000001f04ebc4800 Exception <a 'java/io/FileNotFoundException'> (0x00000000d60610f0) thrown at [J:\jenkins\tmp\workspace\build\src\hotspot\src\share\vm\prims\jni.cpp, line 710]
Event: 0.308 Thread 0x000001f04ebc4800 Exception <a 'java/security/PrivilegedActionException'> (0x00000000d60aa060) thrown at [J:\jenkins\tmp\workspace\build\src\hotspot\src\share\vm\prims\jvm.cpp, line 1502]
Event: 0.308 Thread 0x000001f04ebc4800 Exception <a 'java/security/PrivilegedActionException'> (0x00000000d60aa458) thrown at [J:\jenkins\tmp\workspace\build\src\hotspot\src\share\vm\prims\jvm.cpp, line 1502]
Event: 0.308 Thread 0x000001f04ebc4800 Exception <a 'java/security/PrivilegedActionException'> (0x00000000d60ace58) thrown at [J:\jenkins\tmp\workspace\build\src\hotspot\src\share\vm\prims\jvm.cpp, line 1502]
Event: 0.308 Thread 0x000001f04ebc4800 Exception <a 'java/security/PrivilegedActionException'> (0x00000000d60ad250) thrown at [J:\jenkins\tmp\workspace\build\src\hotspot\src\share\vm\prims\jvm.cpp, line 1502]
Event: 0.308 Thread 0x000001f04ebc4800 Exception <a 'java/security/PrivilegedActionException'> (0x00000000d60ae230) thrown at [J:\jenkins\tmp\workspace\build\src\hotspot\src\share\vm\prims\jvm.cpp, line 1502]
Event: 0.308 Thread 0x000001f04ebc4800 Exception <a 'java/security/PrivilegedActionException'> (0x00000000d60ae628) thrown at [J:\jenkins\tmp\workspace\build\src\hotspot\src\share\vm\prims\jvm.cpp, line 1502]

Events (10 events):
Event: 0.314 loading class java/util/Currency
Event: 0.314 loading class java/util/Currency done
Event: 0.314 loading class java/util/Currency$1
Event: 0.315 loading class java/util/Currency$1 done
Event: 0.315 loading class java/io/DataInputStream
Event: 0.324 loading class java/io/DataInputStream done
Event: 0.337 loading class gnu/io/SerialPortEvent
Event: 0.337 loading class gnu/io/SerialPortEvent done
Event: 0.337 loading class java/util/EventObject
Event: 0.337 loading class java/util/EventObject done


Dynamic libraries:
0x00007ff70e560000 - 0x00007ff70e59a000 	C:\Users\damie\jdk-8.0.252.09-hotspot\jre\bin\javaw.exe
0x00007ff946200000 - 0x00007ff9463f0000 	C:\WINDOWS\SYSTEM32\ntdll.dll
0x00007ff945910000 - 0x00007ff9459c2000 	C:\WINDOWS\System32\KERNEL32.DLL
0x00007ff943310000 - 0x00007ff9435b3000 	C:\WINDOWS\System32\KERNELBASE.dll
0x00007ff9446f0000 - 0x00007ff944793000 	C:\WINDOWS\System32\ADVAPI32.dll
0x00007ff9451f0000 - 0x00007ff94528e000 	C:\WINDOWS\System32\msvcrt.dll
0x00007ff9459d0000 - 0x00007ff945a67000 	C:\WINDOWS\System32\sechost.dll
0x00007ff9454a0000 - 0x00007ff9455c0000 	C:\WINDOWS\System32\RPCRT4.dll
0x00007ff944470000 - 0x00007ff944604000 	C:\WINDOWS\System32\USER32.dll
0x00007ff943210000 - 0x00007ff943231000 	C:\WINDOWS\System32\win32u.dll
0x00007ff9442b0000 - 0x00007ff9442d6000 	C:\WINDOWS\System32\GDI32.dll
0x00007ff943660000 - 0x00007ff9437f4000 	C:\WINDOWS\System32\gdi32full.dll
0x00007ff9435c0000 - 0x00007ff94365e000 	C:\WINDOWS\System32\msvcp_win.dll
0x00007ff9441b0000 - 0x00007ff9442aa000 	C:\WINDOWS\System32\ucrtbase.dll
0x00007ff9386d0000 - 0x00007ff938955000 	C:\WINDOWS\WinSxS\amd64_microsoft.windows.common-controls_6595b64144ccf1df_6.0.18362.778_none_e6c6b761130d4fb8\COMCTL32.dll
0x00007ff9455d0000 - 0x00007ff945906000 	C:\WINDOWS\System32\combase.dll
0x00007ff943190000 - 0x00007ff943210000 	C:\WINDOWS\System32\bcryptPrimitives.dll
0x00007ff944360000 - 0x00007ff94438e000 	C:\WINDOWS\System32\IMM32.DLL
0x00007ff933f30000 - 0x00007ff93401f000 	C:\Users\damie\jdk-8.0.252.09-hotspot\jre\bin\msvcr120.dll
0x00007ff933b20000 - 0x00007ff933bc6000 	C:\Users\damie\jdk-8.0.252.09-hotspot\jre\bin\msvcp120.dll
0x0000000073970000 - 0x000000007416e000 	C:\Users\damie\jdk-8.0.252.09-hotspot\jre\bin\server\jvm.dll
0x00007ff944460000 - 0x00007ff944468000 	C:\WINDOWS\System32\PSAPI.DLL
0x00007ff938350000 - 0x00007ff938374000 	C:\WINDOWS\SYSTEM32\WINMM.dll
0x00007ff93f0d0000 - 0x00007ff93f0da000 	C:\WINDOWS\SYSTEM32\VERSION.dll
0x00007ff936b60000 - 0x00007ff936b69000 	C:\WINDOWS\SYSTEM32\WSOCK32.dll
0x00007ff944820000 - 0x00007ff94488f000 	C:\WINDOWS\System32\WS2_32.dll
0x00007ff938320000 - 0x00007ff93834d000 	C:\WINDOWS\SYSTEM32\winmmbase.dll
0x00007ff944160000 - 0x00007ff9441aa000 	C:\WINDOWS\System32\cfgmgr32.dll
0x00007ff93f9d0000 - 0x00007ff93f9df000 	C:\Users\damie\jdk-8.0.252.09-hotspot\jre\bin\verify.dll
0x00007ff935350000 - 0x00007ff935378000 	C:\Users\damie\jdk-8.0.252.09-hotspot\jre\bin\java.dll
0x00007ff936e10000 - 0x00007ff936e26000 	C:\Users\damie\jdk-8.0.252.09-hotspot\jre\bin\zip.dll
0x00007ff944b00000 - 0x00007ff9451e5000 	C:\WINDOWS\System32\SHELL32.dll
0x00007ff944890000 - 0x00007ff944939000 	C:\WINDOWS\System32\shcore.dll
0x00007ff943980000 - 0x00007ff944100000 	C:\WINDOWS\System32\windows.storage.dll
0x00007ff943160000 - 0x00007ff943183000 	C:\WINDOWS\System32\profapi.dll
0x00007ff9430f0000 - 0x00007ff94313a000 	C:\WINDOWS\System32\powrprof.dll
0x00007ff9430c0000 - 0x00007ff9430d0000 	C:\WINDOWS\System32\UMPDC.dll
0x00007ff944940000 - 0x00007ff944992000 	C:\WINDOWS\System32\shlwapi.dll
0x00007ff9430d0000 - 0x00007ff9430e1000 	C:\WINDOWS\System32\kernel.appcore.dll
0x00007ff9432f0000 - 0x00007ff943307000 	C:\WINDOWS\System32\cryptsp.dll
0x0000000180000000 - 0x0000000180025000 	C:\Users\damie\workspace\Elec\lib\rxtxSerial.dll
0x00007ff939df0000 - 0x00007ff939fe4000 	C:\WINDOWS\SYSTEM32\dbghelp.dll

VM Arguments:
jvm_args: -Djava.library.path=C:\Users\damie\workspace\Elec\lib -Dfile.encoding=Cp1252 
java_command: TwoWaySerialComm
java_class_path (initial): C:\Users\damie\workspace\Elec\bin;C:\Users\damie\workspace\Elec\lib\RXTXcomm.jar
Launcher Type: SUN_STANDARD

Environment Variables:
PATH=C:/Program Files/AdoptOpenJDK/jdk-14.0.1.7-hotspot/bin/client;C:/Program Files/AdoptOpenJDK/jdk-14.0.1.7-hotspot/bin;C:\Program Files\AdoptOpenJDK\jdk-14.0.1.7-hotspot\bin;C:\Program Files\AdoptOpenJDK\jdk-8.0.252.09-hotspot\bin;C:\Python38\Scripts\;C:\Python38\;C:\Program Files (x86)\Common Files\Oracle\Java\javapath;C:\WINDOWS\system32;C:\WINDOWS;C:\WINDOWS\System32\Wbem;C:\WINDOWS\System32\WindowsPowerShell\v1.0\;C:\WINDOWS\System32\OpenSSH\;C:\Program Files\Git\cmd;C:\PROGRA~2\PICC;C:\Program Files\nodejs\;C:\ProgramData\chocolatey\bin;C:\Program Files\MySQL\MySQL Shell 8.0\bin\;C:\Users\damie\AppData\Local\Microsoft\WindowsApps;C:\Users\damie\AppData\Roaming\npm;C:\Users\damie\Desktop\eclipse;
USERNAME=damie
OS=Windows_NT
PROCESSOR_IDENTIFIER=Intel64 Family 6 Model 60 Stepping 3, GenuineIntel



---------------  S Y S T E M  ---------------

OS: Windows 10.0 , 64 bit Build 18362 (10.0.18362.778)

CPU:total 8 (initial active 8) (4 cores per cpu, 2 threads per core) family 6 model 60 stepping 3, cmov, cx8, fxsr, mmx, sse, sse2, sse3, ssse3, sse4.1, sse4.2, popcnt, avx, avx2, aes, clmul, erms, lzcnt, ht, tsc, tscinvbit, bmi1, bmi2

Memory: 4k page, physical 8266760k(3557700k free), swap 9774088k(2011160k free)

vm_info: OpenJDK 64-Bit Server VM (25.252-b09) for windows-amd64 JRE (1.8.0_252-b09), built on Apr 22 2020 09:32:45 by "jenkins" with MS VC++ 12.0 (VS2013)

time: Sun May 03 15:34:03 2020
timezone: Paris, Madrid (heure d?été)
elapsed time: 0 seconds (0d 0h 0m 0s)

