#
# A fatal error has been detected by the Java Runtime Environment:
#
#  EXCEPTION_ACCESS_VIOLATION (0xc0000005) at pc=0x0000000180005b00, pid=15952, tid=0x0000000000003b08
#
# JRE version: OpenJDK Runtime Environment (8.0_252-b09) (build 1.8.0_252-b09)
# Java VM: OpenJDK 64-Bit Server VM (25.252-b09 mixed mode windows-amd64 compressed oops)
# Problematic frame:
# C  [rxtxSerial.dll+0x5b00]
#
# Failed to write core dump. Minidumps are not enabled by default on client versions of Windows
#
# If you would like to submit a bug report, please visit:
#   http://bugreport.java.com/bugreport/crash.jsp
# The crash happened outside the Java Virtual Machine in native code.
# See problematic frame for where to report the bug.
#

---------------  T H R E A D  ---------------

Current thread (0x000001c5067f4000):  JavaThread "Thread-0" [_thread_in_native, id=15112, stack(0x0000001df0700000,0x0000001df0800000)]

siginfo: ExceptionCode=0xc0000005, reading address 0xfffffffff07feba8

Registers:
RAX=0x0000000000000001, RBX=0x0000000000000000, RCX=0x000000018001d4d5, RDX=0xfffffffffffff665
RSP=0x0000001df07fe2d0, RBP=0x00000000ffffffff, RSI=0x0000000000000000, RDI=0x000001c5067f41e0
R8 =0x0000000000000002, R9 =0xfffffffffffff63c, R10=0x0000000000000000, R11=0x8101010101010100
R12=0xfffffffff07feba0, R13=0x0000000000000001, R14=0x0000001df07fe470, R15=0x0000000000000000
RIP=0x0000000180005b00, EFLAGS=0x0000000000010202

Top of Stack: (sp=0x0000001df07fe2d0)
0x0000001df07fe2d0:   0000000000000000 0000000000000000
0x0000001df07fe2e0:   0000001df07fe470 0000000000000000
0x0000001df07fe2f0:   000001c5067f4000 0000001df07fe470
0x0000001df07fe300:   000001c50432ae78 0000001df07fe470
0x0000001df07fe310:   ffffffffffffffff 0000000000000001
0x0000001df07fe320:   000001c5067f3910 0000000180005f3f
0x0000001df07fe330:   000001c5067f41e0 000001c5067f41e0
0x0000001df07fe340:   000001c500000001 0000001df07fe360
0x0000001df07fe350:   000001c500000001 00000000ffffffff
0x0000001df07fe360:   0000001df07fe800 0000001df07fe470
0x0000001df07fe370:   000001c500000000 0000001df07fe4d8
0x0000001df07fe380:   000001c50432ae80 000001c5067f4000
0x0000001df07fe390:   000001c50432ae80 000001c5067f4000
0x0000001df07fe3a0:   000001c56ffd0577 000001c56ffe9ae6
0x0000001df07fe3b0:   00002184edd42bf5 000001c5067f4000
0x0000001df07fe3c0:   0000000000000000 000001c56ffd0577 

Instructions: (pc=0x0000000180005b00)
0x0000000180005ae0:   15 23 7a 01 00 48 8d 48 60 e8 3a 5d 00 00 4c 8b
0x0000000180005af0:   e5 8b ac 24 88 00 00 00 44 8b ac 24 80 00 00 00
0x0000000180005b00:   45 8b 74 24 08 41 89 5c 24 08 41 8b fd 85 ed 78
0x0000000180005b10:   09 ff 15 e9 14 01 00 44 8b f8 45 85 ed 7e 4a 90 


Register to memory mapping:

RAX=0x0000000000000001 is an unknown value
RBX=0x0000000000000000 is an unknown value
RCX=0x000000018001d4d5 is an unknown value
RDX=0xfffffffffffff665 is an unknown value
RSP=0x0000001df07fe2d0 is pointing into the stack for thread: 0x000001c5067f4000
RBP=0x00000000ffffffff is an unallocated location in the heap
RSI=0x0000000000000000 is an unknown value
RDI=0x000001c5067f41e0 is an unknown value
R8 =0x0000000000000002 is an unknown value
R9 =0xfffffffffffff63c is an unknown value
R10=0x0000000000000000 is an unknown value
R11=0x8101010101010100 is an unknown value
R12=0xfffffffff07feba0 is an unknown value
R13=0x0000000000000001 is an unknown value
R14=0x0000001df07fe470 is pointing into the stack for thread: 0x000001c5067f4000
R15=0x0000000000000000 is an unknown value


Stack: [0x0000001df0700000,0x0000001df0800000],  sp=0x0000001df07fe2d0,  free space=1016k
Native frames: (J=compiled Java code, j=interpreted, Vv=VM code, C=native code)
C  [rxtxSerial.dll+0x5b00]
C  [rxtxSerial.dll+0x5f3f]
C  0x000001c56ffe9c8e

Java frames: (J=compiled Java code, j=interpreted, Vv=VM code)
j  gnu.io.RXTXPort.readByte()I+0
j  gnu.io.RXTXPort$SerialInputStream.read()I+81
j  TwoWaySerialComm$SerialReader.serialEvent(Lgnu/io/SerialPortEvent;)V+29
j  gnu.io.RXTXPort.sendEvent(IZ)Z+382
v  ~StubRoutines::call_stub
j  gnu.io.RXTXPort.eventLoop()V+0
j  gnu.io.RXTXPort$MonitorThread.run()V+12
v  ~StubRoutines::call_stub

---------------  P R O C E S S  ---------------

Java Threads: ( => current thread )
  0x000001c506875800 JavaThread "Thread-1" [_thread_in_native, id=12100, stack(0x0000001df0800000,0x0000001df0900000)]
=>0x000001c5067f4000 JavaThread "Thread-0" [_thread_in_native, id=15112, stack(0x0000001df0700000,0x0000001df0800000)]
  0x000001c506779000 JavaThread "Service Thread" daemon [_thread_blocked, id=15468, stack(0x0000001df0500000,0x0000001df0600000)]
  0x000001c50537f000 JavaThread "C1 CompilerThread3" daemon [_thread_blocked, id=11908, stack(0x0000001df0400000,0x0000001df0500000)]
  0x000001c505362000 JavaThread "C2 CompilerThread2" daemon [_thread_blocked, id=8076, stack(0x0000001df0300000,0x0000001df0400000)]
  0x000001c50535d000 JavaThread "C2 CompilerThread1" daemon [_thread_blocked, id=13428, stack(0x0000001df0200000,0x0000001df0300000)]
  0x000001c505357000 JavaThread "C2 CompilerThread0" daemon [_thread_blocked, id=2828, stack(0x0000001df0100000,0x0000001df0200000)]
  0x000001c505355000 JavaThread "Attach Listener" daemon [_thread_blocked, id=12968, stack(0x0000001df0000000,0x0000001df0100000)]
  0x000001c505352000 JavaThread "Signal Dispatcher" daemon [_thread_blocked, id=8068, stack(0x0000001deff00000,0x0000001df0000000)]
  0x000001c505327800 JavaThread "Finalizer" daemon [_thread_blocked, id=6816, stack(0x0000001defe00000,0x0000001deff00000)]
  0x000001c505317000 JavaThread "Reference Handler" daemon [_thread_blocked, id=15524, stack(0x0000001defd00000,0x0000001defe00000)]
  0x000001c56e565000 JavaThread "main" [_thread_in_Java, id=13712, stack(0x0000001def300000,0x0000001def400000)]

Other Threads:
  0x000001c57ff3e000 VMThread [stack: 0x0000001defc00000,0x0000001defd00000] [id=11100]
  0x000001c5053cd000 WatcherThread [stack: 0x0000001df0600000,0x0000001df0700000] [id=620]

VM state:not at safepoint (normal execution)

VM Mutex/Monitor currently owned by a thread: None

heap address: 0x0000000081c00000, size: 2020 MB, Compressed Oops mode: 32-bit
Narrow klass base: 0x0000000000000000, Narrow klass shift: 3
Compressed class space size: 1073741824 Address: 0x0000000100000000

Heap:
 PSYoungGen      total 38400K, used 2662K [0x00000000d5f00000, 0x00000000d8980000, 0x0000000100000000)
  eden space 33280K, 8% used [0x00000000d5f00000,0x00000000d6199a08,0x00000000d7f80000)
  from space 5120K, 0% used [0x00000000d8480000,0x00000000d8480000,0x00000000d8980000)
  to   space 5120K, 0% used [0x00000000d7f80000,0x00000000d7f80000,0x00000000d8480000)
 ParOldGen       total 87552K, used 0K [0x0000000081c00000, 0x0000000087180000, 0x00000000d5f00000)
  object space 87552K, 0% used [0x0000000081c00000,0x0000000081c00000,0x0000000087180000)
 Metaspace       used 3565K, capacity 4674K, committed 4864K, reserved 1056768K
  class space    used 385K, capacity 426K, committed 512K, reserved 1048576K

Card table byte_map: [0x000001c57f390000,0x000001c57f790000] byte_map_base: 0x000001c57ef82000

Marking Bits: (ParMarkBitMap*) 0x00000000740d5010
 Begin Bits: [0x000001c500000000, 0x000001c501f90000)
 End Bits:   [0x000001c501f90000, 0x000001c503f20000)

Polling page: 0x000001c56e790000

CodeCache: size=245760Kb used=1241Kb max_used=1241Kb free=244518Kb
 bounds [0x000001c56ffd0000, 0x000001c570240000, 0x000001c57efd0000]
 total_blobs=332 nmethods=89 adapters=157
 compilation: enabled

Compilation events (10 events):
Event: 0.290 Thread 0x000001c50537f000 nmethod 63 0x000001c5700f41d0 code [0x000001c5700f4380, 0x000001c5700f4a38]
Event: 0.291 Thread 0x000001c50537f000   64       1       java.net.URL::getRef (5 bytes)
Event: 0.291 Thread 0x000001c50537f000 nmethod 64 0x000001c5700f2ed0 code [0x000001c5700f3020, 0x000001c5700f3138]
Event: 0.291 Thread 0x000001c50537f000   65       1       java.net.URL::getFile (5 bytes)
Event: 0.291 Thread 0x000001c50537f000 nmethod 65 0x000001c5700f2c10 code [0x000001c5700f2d60, 0x000001c5700f2e78]
Event: 0.292 Thread 0x000001c50537f000   67  s!   3       sun.misc.URLClassPath::getLoader (243 bytes)
Event: 0.294 Thread 0x000001c50537f000 nmethod 67 0x000001c5700f4dd0 code [0x000001c5700f5200, 0x000001c5700f7f40]
Event: 0.294 Thread 0x000001c50537f000   66  s    3       sun.misc.URLClassPath::getNextLoader (88 bytes)
Event: 0.294 Thread 0x000001c50537f000 nmethod 66 0x000001c5700f9b10 code [0x000001c5700f9ce0, 0x000001c5700fa5b0]
Event: 0.300 Thread 0x000001c50537f000   68   !   3       sun.misc.URLClassPath$JarLoader::getResource (85 bytes)

GC Heap History (0 events):
No events

Deoptimization events (0 events):
No events

Classes redefined (0 events):
No events

Internal exceptions (4 events):
Event: 0.022 Thread 0x000001c56e565000 Exception <a 'java/lang/NoSuchMethodError': Method sun.misc.Unsafe.defineClass(Ljava/lang/String;[BII)Ljava/lang/Class; name or signature does not match> (0x00000000d5f07cc0) thrown at [J:\jenkins\tmp\workspace\build\src\hotspot\src\share\vm\prims\jni.cpp
Event: 0.022 Thread 0x000001c56e565000 Exception <a 'java/lang/NoSuchMethodError': Method sun.misc.Unsafe.prefetchRead(Ljava/lang/Object;J)V name or signature does not match> (0x00000000d5f07fa8) thrown at [J:\jenkins\tmp\workspace\build\src\hotspot\src\share\vm\prims\jni.cpp, line 4013]
Event: 0.079 Thread 0x000001c56e565000 Exception <a 'java/io/FileNotFoundException'> (0x00000000d5fa41a0) thrown at [J:\jenkins\tmp\workspace\build\src\hotspot\src\share\vm\prims\jni.cpp, line 710]
Event: 0.286 Thread 0x000001c56e565000 Exception <a 'java/io/FileNotFoundException'> (0x00000000d60611d8) thrown at [J:\jenkins\tmp\workspace\build\src\hotspot\src\share\vm\prims\jni.cpp, line 710]

Events (10 events):
Event: 0.300 loading class gnu/io/SerialPortEvent done
Event: 0.300 loading class java/util/regex/Pattern
Event: 0.300 loading class java/util/regex/Pattern done
Event: 0.300 loading class java/util/EventObject
Event: 0.300 loading class java/util/EventObject done
Event: 0.300 loading class java/util/regex/Pattern$4
Event: 0.300 loading class java/util/regex/Pattern$Node
Event: 0.300 loading class java/util/regex/Pattern$Node done
Event: 0.300 loading class java/util/regex/Pattern$4 done
Event: 0.300 loading class java/util/regex/Pattern$LastNode


Dynamic libraries:
0x00007ff70e560000 - 0x00007ff70e59a000 	C:\Users\damie\jdk-8.0.252.09-hotspot\jre\bin\javaw.exe
0x00007ff946200000 - 0x00007ff9463f0000 	C:\WINDOWS\SYSTEM32\ntdll.dll
0x00007ff945910000 - 0x00007ff9459c2000 	C:\WINDOWS\System32\KERNEL32.DLL
0x00007ff943310000 - 0x00007ff9435b3000 	C:\WINDOWS\System32\KERNELBASE.dll
0x00007ff9446f0000 - 0x00007ff944793000 	C:\WINDOWS\System32\ADVAPI32.dll
0x00007ff9451f0000 - 0x00007ff94528e000 	C:\WINDOWS\System32\msvcrt.dll
0x00007ff9459d0000 - 0x00007ff945a67000 	C:\WINDOWS\System32\sechost.dll
0x00007ff9454a0000 - 0x00007ff9455c0000 	C:\WINDOWS\System32\RPCRT4.dll
0x00007ff944470000 - 0x00007ff944604000 	C:\WINDOWS\System32\USER32.dll
0x00007ff943210000 - 0x00007ff943231000 	C:\WINDOWS\System32\win32u.dll
0x00007ff9442b0000 - 0x00007ff9442d6000 	C:\WINDOWS\System32\GDI32.dll
0x00007ff943660000 - 0x00007ff9437f4000 	C:\WINDOWS\System32\gdi32full.dll
0x00007ff9435c0000 - 0x00007ff94365e000 	C:\WINDOWS\System32\msvcp_win.dll
0x00007ff9441b0000 - 0x00007ff9442aa000 	C:\WINDOWS\System32\ucrtbase.dll
0x00007ff9386d0000 - 0x00007ff938955000 	C:\WINDOWS\WinSxS\amd64_microsoft.windows.common-controls_6595b64144ccf1df_6.0.18362.778_none_e6c6b761130d4fb8\COMCTL32.dll
0x00007ff9455d0000 - 0x00007ff945906000 	C:\WINDOWS\System32\combase.dll
0x00007ff943190000 - 0x00007ff943210000 	C:\WINDOWS\System32\bcryptPrimitives.dll
0x00007ff944360000 - 0x00007ff94438e000 	C:\WINDOWS\System32\IMM32.DLL
0x00007ff917e50000 - 0x00007ff917f3f000 	C:\Users\damie\jdk-8.0.252.09-hotspot\jre\bin\msvcr120.dll
0x00007ff917980000 - 0x00007ff917a26000 	C:\Users\damie\jdk-8.0.252.09-hotspot\jre\bin\msvcp120.dll
0x0000000073950000 - 0x000000007414e000 	C:\Users\damie\jdk-8.0.252.09-hotspot\jre\bin\server\jvm.dll
0x00007ff944460000 - 0x00007ff944468000 	C:\WINDOWS\System32\PSAPI.DLL
0x00007ff93f0d0000 - 0x00007ff93f0da000 	C:\WINDOWS\SYSTEM32\VERSION.dll
0x00007ff938350000 - 0x00007ff938374000 	C:\WINDOWS\SYSTEM32\WINMM.dll
0x00007ff93f940000 - 0x00007ff93f949000 	C:\WINDOWS\SYSTEM32\WSOCK32.dll
0x00007ff944820000 - 0x00007ff94488f000 	C:\WINDOWS\System32\WS2_32.dll
0x00007ff938320000 - 0x00007ff93834d000 	C:\WINDOWS\SYSTEM32\winmmbase.dll
0x00007ff944160000 - 0x00007ff9441aa000 	C:\WINDOWS\System32\cfgmgr32.dll
0x00007ff935340000 - 0x00007ff93534f000 	C:\Users\damie\jdk-8.0.252.09-hotspot\jre\bin\verify.dll
0x00007ff934250000 - 0x00007ff934278000 	C:\Users\damie\jdk-8.0.252.09-hotspot\jre\bin\java.dll
0x00007ff934230000 - 0x00007ff934246000 	C:\Users\damie\jdk-8.0.252.09-hotspot\jre\bin\zip.dll
0x00007ff944b00000 - 0x00007ff9451e5000 	C:\WINDOWS\System32\SHELL32.dll
0x00007ff944890000 - 0x00007ff944939000 	C:\WINDOWS\System32\shcore.dll
0x00007ff943980000 - 0x00007ff944100000 	C:\WINDOWS\System32\windows.storage.dll
0x00007ff943160000 - 0x00007ff943183000 	C:\WINDOWS\System32\profapi.dll
0x00007ff9430f0000 - 0x00007ff94313a000 	C:\WINDOWS\System32\powrprof.dll
0x00007ff9430c0000 - 0x00007ff9430d0000 	C:\WINDOWS\System32\UMPDC.dll
0x00007ff944940000 - 0x00007ff944992000 	C:\WINDOWS\System32\shlwapi.dll
0x00007ff9430d0000 - 0x00007ff9430e1000 	C:\WINDOWS\System32\kernel.appcore.dll
0x00007ff9432f0000 - 0x00007ff943307000 	C:\WINDOWS\System32\cryptsp.dll
0x0000000180000000 - 0x0000000180025000 	C:\Users\damie\workspace\Elec\lib\rxtxSerial.dll
0x00007ff939df0000 - 0x00007ff939fe4000 	C:\WINDOWS\SYSTEM32\dbghelp.dll

VM Arguments:
jvm_args: -Djava.library.path=C:\Users\damie\workspace\Elec\lib -Dfile.encoding=Cp1252 
java_command: TwoWaySerialComm
java_class_path (initial): C:\Users\damie\workspace\Elec\bin;C:\Users\damie\workspace\Elec\lib\RXTXcomm.jar
Launcher Type: SUN_STANDARD

Environment Variables:
PATH=C:/Program Files/AdoptOpenJDK/jdk-14.0.1.7-hotspot/bin/client;C:/Program Files/AdoptOpenJDK/jdk-14.0.1.7-hotspot/bin;C:\Program Files\AdoptOpenJDK\jdk-14.0.1.7-hotspot\bin;C:\Program Files\AdoptOpenJDK\jdk-8.0.252.09-hotspot\bin;C:\Python38\Scripts\;C:\Python38\;C:\Program Files (x86)\Common Files\Oracle\Java\javapath;C:\WINDOWS\system32;C:\WINDOWS;C:\WINDOWS\System32\Wbem;C:\WINDOWS\System32\WindowsPowerShell\v1.0\;C:\WINDOWS\System32\OpenSSH\;C:\Program Files\Git\cmd;C:\PROGRA~2\PICC;C:\Program Files\nodejs\;C:\ProgramData\chocolatey\bin;C:\Program Files\MySQL\MySQL Shell 8.0\bin\;C:\Users\damie\AppData\Local\Microsoft\WindowsApps;C:\Users\damie\AppData\Roaming\npm;C:\Users\damie\Desktop\eclipse;
USERNAME=damie
OS=Windows_NT
PROCESSOR_IDENTIFIER=Intel64 Family 6 Model 60 Stepping 3, GenuineIntel



---------------  S Y S T E M  ---------------

OS: Windows 10.0 , 64 bit Build 18362 (10.0.18362.778)

CPU:total 8 (initial active 8) (4 cores per cpu, 2 threads per core) family 6 model 60 stepping 3, cmov, cx8, fxsr, mmx, sse, sse2, sse3, ssse3, sse4.1, sse4.2, popcnt, avx, avx2, aes, clmul, erms, lzcnt, ht, tsc, tscinvbit, bmi1, bmi2

Memory: 4k page, physical 8266760k(3558800k free), swap 9774088k(2517328k free)

vm_info: OpenJDK 64-Bit Server VM (25.252-b09) for windows-amd64 JRE (1.8.0_252-b09), built on Apr 22 2020 09:32:45 by "jenkins" with MS VC++ 12.0 (VS2013)

time: Sun May 03 16:30:19 2020
timezone: Paris, Madrid (heure d?été)
elapsed time: 0 seconds (0d 0h 0m 0s)

