#
# A fatal error has been detected by the Java Runtime Environment:
#
#  EXCEPTION_ACCESS_VIOLATION (0xc0000005) at pc=0x0000000180005b00, pid=12360, tid=0x0000000000003124
#
# JRE version: OpenJDK Runtime Environment (8.0_252-b09) (build 1.8.0_252-b09)
# Java VM: OpenJDK 64-Bit Server VM (25.252-b09 mixed mode windows-amd64 compressed oops)
# Problematic frame:
# C  [rxtxSerial.dll+0x5b00]
#
# Failed to write core dump. Minidumps are not enabled by default on client versions of Windows
#
# If you would like to submit a bug report, please visit:
#   http://bugreport.java.com/bugreport/crash.jsp
# The crash happened outside the Java Virtual Machine in native code.
# See problematic frame for where to report the bug.
#

---------------  T H R E A D  ---------------

Current thread (0x000002175708d800):  JavaThread "Thread-0" [_thread_in_native, id=12580, stack(0x000000f496000000,0x000000f496100000)]

siginfo: ExceptionCode=0xc0000005, reading address 0xffffffff960feb98

Registers:
RAX=0x0000000000000001, RBX=0x0000000000000000, RCX=0x000000018001d4d5, RDX=0xfffffffffffff665
RSP=0x000000f4960fe2c0, RBP=0x00000000ffffffff, RSI=0x0000000000000000, RDI=0x000002175708d9e0
R8 =0x0000000000000002, R9 =0xfffffffffffff63c, R10=0x0000000000000000, R11=0x8101010101010100
R12=0xffffffff960feb90, R13=0x0000000000000001, R14=0x000000f4960fe460, R15=0x0000000000000000
RIP=0x0000000180005b00, EFLAGS=0x0000000000010202

Top of Stack: (sp=0x000000f4960fe2c0)
0x000000f4960fe2c0:   0000000000000000 0000000000000000
0x000000f4960fe2d0:   000000f4960fe460 0000000000000000
0x000000f4960fe2e0:   000002175708d800 000000f4960fe460
0x000000f4960fe2f0:   0000021754aeae78 000000f4960fe460
0x000000f4960fe300:   ffffffffffffffff 0000000000000001
0x000000f4960fe310:   00000217571126e0 0000000180005f3f
0x000000f4960fe320:   000002175708d9e0 000002175708d9e0
0x000000f4960fe330:   0000021700000001 000000f4960fe350
0x000000f4960fe340:   0000021700000001 00000000ffffffff
0x000000f4960fe350:   000000f4960fe7f0 000000f4960fe460
0x000000f4960fe360:   0000021700000000 000000f4960fe4c8
0x000000f4960fe370:   0000021754aeae80 000002175708d800
0x000000f4960fe380:   0000021754aeae80 000002175708d800
0x000000f4960fe390:   0000021740920577 0000021740939ae6
0x000000f4960fe3a0:   0000217db9ccc110 000002175708d800
0x000000f4960fe3b0:   0000000000000000 0000021740920577 

Instructions: (pc=0x0000000180005b00)
0x0000000180005ae0:   15 23 7a 01 00 48 8d 48 60 e8 3a 5d 00 00 4c 8b
0x0000000180005af0:   e5 8b ac 24 88 00 00 00 44 8b ac 24 80 00 00 00
0x0000000180005b00:   45 8b 74 24 08 41 89 5c 24 08 41 8b fd 85 ed 78
0x0000000180005b10:   09 ff 15 e9 14 01 00 44 8b f8 45 85 ed 7e 4a 90 


Register to memory mapping:

RAX=0x0000000000000001 is an unknown value
RBX=0x0000000000000000 is an unknown value
RCX=0x000000018001d4d5 is an unknown value
RDX=0xfffffffffffff665 is an unknown value
RSP=0x000000f4960fe2c0 is pointing into the stack for thread: 0x000002175708d800
RBP=0x00000000ffffffff is an unallocated location in the heap
RSI=0x0000000000000000 is an unknown value
RDI=0x000002175708d9e0 is an unknown value
R8 =0x0000000000000002 is an unknown value
R9 =0xfffffffffffff63c is an unknown value
R10=0x0000000000000000 is an unknown value
R11=0x8101010101010100 is an unknown value
R12=0xffffffff960feb90 is an unknown value
R13=0x0000000000000001 is an unknown value
R14=0x000000f4960fe460 is pointing into the stack for thread: 0x000002175708d800
R15=0x0000000000000000 is an unknown value


Stack: [0x000000f496000000,0x000000f496100000],  sp=0x000000f4960fe2c0,  free space=1016k
Native frames: (J=compiled Java code, j=interpreted, Vv=VM code, C=native code)
C  [rxtxSerial.dll+0x5b00]
C  [rxtxSerial.dll+0x5f3f]
C  0x0000021740939c8e

Java frames: (J=compiled Java code, j=interpreted, Vv=VM code)
j  gnu.io.RXTXPort.readByte()I+0
j  gnu.io.RXTXPort$SerialInputStream.read()I+81
j  TwoWaySerialComm$SerialReader.serialEvent(Lgnu/io/SerialPortEvent;)V+29
j  gnu.io.RXTXPort.sendEvent(IZ)Z+382
v  ~StubRoutines::call_stub
j  gnu.io.RXTXPort.eventLoop()V+0
j  gnu.io.RXTXPort$MonitorThread.run()V+12
v  ~StubRoutines::call_stub

---------------  P R O C E S S  ---------------

Java Threads: ( => current thread )
  0x0000021757114000 JavaThread "Thread-1" [_thread_in_native, id=4960, stack(0x000000f496100000,0x000000f496200000)]
=>0x000002175708d800 JavaThread "Thread-0" [_thread_in_native, id=12580, stack(0x000000f496000000,0x000000f496100000)]
  0x0000021757020800 JavaThread "Service Thread" daemon [_thread_blocked, id=956, stack(0x000000f495e00000,0x000000f495f00000)]
  0x0000021755c31800 JavaThread "C1 CompilerThread3" daemon [_thread_blocked, id=10348, stack(0x000000f495d00000,0x000000f495e00000)]
  0x0000021755c33000 JavaThread "C2 CompilerThread2" daemon [_thread_blocked, id=4152, stack(0x000000f495c00000,0x000000f495d00000)]
  0x0000021755c32000 JavaThread "C2 CompilerThread1" daemon [_thread_blocked, id=10368, stack(0x000000f495b00000,0x000000f495c00000)]
  0x0000021755c1a000 JavaThread "C2 CompilerThread0" daemon [_thread_blocked, id=4244, stack(0x000000f495a00000,0x000000f495b00000)]
  0x0000021755c17800 JavaThread "Attach Listener" daemon [_thread_blocked, id=8704, stack(0x000000f495900000,0x000000f495a00000)]
  0x0000021755c16800 JavaThread "Signal Dispatcher" daemon [_thread_blocked, id=4508, stack(0x000000f495800000,0x000000f495900000)]
  0x0000021754fdb000 JavaThread "Finalizer" daemon [_thread_blocked, id=12008, stack(0x000000f495700000,0x000000f495800000)]
  0x0000021755bea000 JavaThread "Reference Handler" daemon [_thread_blocked, id=11136, stack(0x000000f495600000,0x000000f495700000)]
  0x000002173efd5000 JavaThread "main" [_thread_in_vm, id=4880, stack(0x000000f494c00000,0x000000f494d00000)]

Other Threads:
  0x0000021755bc3800 VMThread [stack: 0x000000f495500000,0x000000f495600000] [id=8608]
  0x0000021755c7c000 WatcherThread [stack: 0x000000f495f00000,0x000000f496000000] [id=16272]

VM state:not at safepoint (normal execution)

VM Mutex/Monitor currently owned by a thread: None

heap address: 0x0000000081c00000, size: 2020 MB, Compressed Oops mode: 32-bit
Narrow klass base: 0x0000000000000000, Narrow klass shift: 3
Compressed class space size: 1073741824 Address: 0x0000000100000000

Heap:
 PSYoungGen      total 38400K, used 2662K [0x00000000d5f00000, 0x00000000d8980000, 0x0000000100000000)
  eden space 33280K, 8% used [0x00000000d5f00000,0x00000000d6199a20,0x00000000d7f80000)
  from space 5120K, 0% used [0x00000000d8480000,0x00000000d8480000,0x00000000d8980000)
  to   space 5120K, 0% used [0x00000000d7f80000,0x00000000d7f80000,0x00000000d8480000)
 ParOldGen       total 87552K, used 0K [0x0000000081c00000, 0x0000000087180000, 0x00000000d5f00000)
  object space 87552K, 0% used [0x0000000081c00000,0x0000000081c00000,0x0000000087180000)
 Metaspace       used 3402K, capacity 4664K, committed 4864K, reserved 1056768K
  class space    used 364K, capacity 424K, committed 512K, reserved 1048576K

Card table byte_map: [0x000002174fce0000,0x00000217500e0000] byte_map_base: 0x000002174f8d2000

Marking Bits: (ParMarkBitMap*) 0x00000000740f5010
 Begin Bits: [0x0000021750390000, 0x0000021752320000)
 End Bits:   [0x0000021752320000, 0x00000217542b0000)

Polling page: 0x00000217408f0000

CodeCache: size=245760Kb used=1205Kb max_used=1205Kb free=244554Kb
 bounds [0x0000021740920000, 0x0000021740b90000, 0x000002174f920000]
 total_blobs=315 nmethods=72 adapters=157
 compilation: enabled

Compilation events (10 events):
Event: 0.290 Thread 0x0000021755c31800   63       1       java.net.URL::getRef (5 bytes)
Event: 0.290 Thread 0x0000021755c31800 nmethod 63 0x0000021740a3e0d0 code [0x0000021740a3e220, 0x0000021740a3e338]
Event: 0.290 Thread 0x0000021755c31800   64       1       java.net.URL::getFile (5 bytes)
Event: 0.290 Thread 0x0000021755c31800 nmethod 64 0x0000021740a43b50 code [0x0000021740a43ca0, 0x0000021740a43db8]
Event: 0.292 Thread 0x0000021755c31800   66  s!   3       sun.misc.URLClassPath::getLoader (243 bytes)
Event: 0.294 Thread 0x0000021755c31800 nmethod 66 0x0000021740a43e10 code [0x0000021740a44240, 0x0000021740a46f80]
Event: 0.294 Thread 0x0000021755c31800   65  s    3       sun.misc.URLClassPath::getNextLoader (88 bytes)
Event: 0.295 Thread 0x0000021755c31800 nmethod 65 0x0000021740a48b50 code [0x0000021740a48d20, 0x0000021740a495f0]
Event: 0.328 Thread 0x0000021755c31800   67   !   3       sun.misc.URLClassPath$JarLoader::getResource (85 bytes)
Event: 0.329 Thread 0x0000021755c31800 nmethod 67 0x0000021740a49ad0 code [0x0000021740a49d20, 0x0000021740a4a930]

GC Heap History (0 events):
No events

Deoptimization events (0 events):
No events

Classes redefined (0 events):
No events

Internal exceptions (4 events):
Event: 0.021 Thread 0x000002173efd5000 Exception <a 'java/lang/NoSuchMethodError': Method sun.misc.Unsafe.defineClass(Ljava/lang/String;[BII)Ljava/lang/Class; name or signature does not match> (0x00000000d5f07cc0) thrown at [J:\jenkins\tmp\workspace\build\src\hotspot\src\share\vm\prims\jni.cpp
Event: 0.021 Thread 0x000002173efd5000 Exception <a 'java/lang/NoSuchMethodError': Method sun.misc.Unsafe.prefetchRead(Ljava/lang/Object;J)V name or signature does not match> (0x00000000d5f07fa8) thrown at [J:\jenkins\tmp\workspace\build\src\hotspot\src\share\vm\prims\jni.cpp, line 4013]
Event: 0.075 Thread 0x000002173efd5000 Exception <a 'java/io/FileNotFoundException'> (0x00000000d5fa40b8) thrown at [J:\jenkins\tmp\workspace\build\src\hotspot\src\share\vm\prims\jni.cpp, line 710]
Event: 0.285 Thread 0x000002173efd5000 Exception <a 'java/io/FileNotFoundException'> (0x00000000d60610f0) thrown at [J:\jenkins\tmp\workspace\build\src\hotspot\src\share\vm\prims\jni.cpp, line 710]

Events (10 events):
Event: 0.324 loading class java/util/regex/MatchResult
Event: 0.324 loading class java/util/regex/MatchResult done
Event: 0.324 loading class java/util/regex/Matcher done
Event: 0.324 loading class java/util/Locale$Category
Event: 0.328 loading class gnu/io/SerialPortEvent
Event: 0.328 loading class gnu/io/SerialPortEvent done
Event: 0.328 loading class java/util/EventObject
Event: 0.330 loading class java/util/Locale$Category done
Event: 0.330 loading class java/util/EventObject done
Event: 0.330 loading class java/util/Locale$1


Dynamic libraries:
0x00007ff70e560000 - 0x00007ff70e59a000 	C:\Users\damie\jdk-8.0.252.09-hotspot\jre\bin\javaw.exe
0x00007ff946200000 - 0x00007ff9463f0000 	C:\WINDOWS\SYSTEM32\ntdll.dll
0x00007ff945910000 - 0x00007ff9459c2000 	C:\WINDOWS\System32\KERNEL32.DLL
0x00007ff943310000 - 0x00007ff9435b3000 	C:\WINDOWS\System32\KERNELBASE.dll
0x00007ff9446f0000 - 0x00007ff944793000 	C:\WINDOWS\System32\ADVAPI32.dll
0x00007ff9451f0000 - 0x00007ff94528e000 	C:\WINDOWS\System32\msvcrt.dll
0x00007ff9459d0000 - 0x00007ff945a67000 	C:\WINDOWS\System32\sechost.dll
0x00007ff9454a0000 - 0x00007ff9455c0000 	C:\WINDOWS\System32\RPCRT4.dll
0x00007ff944470000 - 0x00007ff944604000 	C:\WINDOWS\System32\USER32.dll
0x00007ff943210000 - 0x00007ff943231000 	C:\WINDOWS\System32\win32u.dll
0x00007ff9442b0000 - 0x00007ff9442d6000 	C:\WINDOWS\System32\GDI32.dll
0x00007ff943660000 - 0x00007ff9437f4000 	C:\WINDOWS\System32\gdi32full.dll
0x00007ff9435c0000 - 0x00007ff94365e000 	C:\WINDOWS\System32\msvcp_win.dll
0x00007ff9441b0000 - 0x00007ff9442aa000 	C:\WINDOWS\System32\ucrtbase.dll
0x00007ff9386d0000 - 0x00007ff938955000 	C:\WINDOWS\WinSxS\amd64_microsoft.windows.common-controls_6595b64144ccf1df_6.0.18362.778_none_e6c6b761130d4fb8\COMCTL32.dll
0x00007ff9455d0000 - 0x00007ff945906000 	C:\WINDOWS\System32\combase.dll
0x00007ff943190000 - 0x00007ff943210000 	C:\WINDOWS\System32\bcryptPrimitives.dll
0x00007ff944360000 - 0x00007ff94438e000 	C:\WINDOWS\System32\IMM32.DLL
0x00007ff933f30000 - 0x00007ff93401f000 	C:\Users\damie\jdk-8.0.252.09-hotspot\jre\bin\msvcr120.dll
0x00007ff933b20000 - 0x00007ff933bc6000 	C:\Users\damie\jdk-8.0.252.09-hotspot\jre\bin\msvcp120.dll
0x0000000073970000 - 0x000000007416e000 	C:\Users\damie\jdk-8.0.252.09-hotspot\jre\bin\server\jvm.dll
0x00007ff944460000 - 0x00007ff944468000 	C:\WINDOWS\System32\PSAPI.DLL
0x00007ff936b60000 - 0x00007ff936b69000 	C:\WINDOWS\SYSTEM32\WSOCK32.dll
0x00007ff938350000 - 0x00007ff938374000 	C:\WINDOWS\SYSTEM32\WINMM.dll
0x00007ff93f0d0000 - 0x00007ff93f0da000 	C:\WINDOWS\SYSTEM32\VERSION.dll
0x00007ff944820000 - 0x00007ff94488f000 	C:\WINDOWS\System32\WS2_32.dll
0x00007ff938320000 - 0x00007ff93834d000 	C:\WINDOWS\SYSTEM32\WINMMBASE.dll
0x00007ff944160000 - 0x00007ff9441aa000 	C:\WINDOWS\System32\cfgmgr32.dll
0x00007ff93f9d0000 - 0x00007ff93f9df000 	C:\Users\damie\jdk-8.0.252.09-hotspot\jre\bin\verify.dll
0x00007ff935350000 - 0x00007ff935378000 	C:\Users\damie\jdk-8.0.252.09-hotspot\jre\bin\java.dll
0x00007ff936e10000 - 0x00007ff936e26000 	C:\Users\damie\jdk-8.0.252.09-hotspot\jre\bin\zip.dll
0x00007ff944b00000 - 0x00007ff9451e5000 	C:\WINDOWS\System32\SHELL32.dll
0x00007ff944890000 - 0x00007ff944939000 	C:\WINDOWS\System32\shcore.dll
0x00007ff943980000 - 0x00007ff944100000 	C:\WINDOWS\System32\windows.storage.dll
0x00007ff943160000 - 0x00007ff943183000 	C:\WINDOWS\System32\profapi.dll
0x00007ff9430f0000 - 0x00007ff94313a000 	C:\WINDOWS\System32\powrprof.dll
0x00007ff9430c0000 - 0x00007ff9430d0000 	C:\WINDOWS\System32\UMPDC.dll
0x00007ff944940000 - 0x00007ff944992000 	C:\WINDOWS\System32\shlwapi.dll
0x00007ff9430d0000 - 0x00007ff9430e1000 	C:\WINDOWS\System32\kernel.appcore.dll
0x00007ff9432f0000 - 0x00007ff943307000 	C:\WINDOWS\System32\cryptsp.dll
0x0000000180000000 - 0x0000000180025000 	C:\Users\damie\workspace\Elec\lib\rxtxSerial.dll
0x00007ff939df0000 - 0x00007ff939fe4000 	C:\WINDOWS\SYSTEM32\dbghelp.dll

VM Arguments:
jvm_args: -Djava.library.path=C:\Users\damie\workspace\Elec\lib -Dfile.encoding=Cp1252 
java_command: TwoWaySerialComm
java_class_path (initial): C:\Users\damie\workspace\Elec\bin;C:\Users\damie\workspace\Elec\lib\RXTXcomm.jar
Launcher Type: SUN_STANDARD

Environment Variables:
PATH=C:/Program Files/AdoptOpenJDK/jdk-14.0.1.7-hotspot/bin/client;C:/Program Files/AdoptOpenJDK/jdk-14.0.1.7-hotspot/bin;C:\Program Files\AdoptOpenJDK\jdk-14.0.1.7-hotspot\bin;C:\Program Files\AdoptOpenJDK\jdk-8.0.252.09-hotspot\bin;C:\Python38\Scripts\;C:\Python38\;C:\Program Files (x86)\Common Files\Oracle\Java\javapath;C:\WINDOWS\system32;C:\WINDOWS;C:\WINDOWS\System32\Wbem;C:\WINDOWS\System32\WindowsPowerShell\v1.0\;C:\WINDOWS\System32\OpenSSH\;C:\Program Files\Git\cmd;C:\PROGRA~2\PICC;C:\Program Files\nodejs\;C:\ProgramData\chocolatey\bin;C:\Program Files\MySQL\MySQL Shell 8.0\bin\;C:\Users\damie\AppData\Local\Microsoft\WindowsApps;C:\Users\damie\AppData\Roaming\npm;C:\Users\damie\Desktop\eclipse;
USERNAME=damie
OS=Windows_NT
PROCESSOR_IDENTIFIER=Intel64 Family 6 Model 60 Stepping 3, GenuineIntel



---------------  S Y S T E M  ---------------

OS: Windows 10.0 , 64 bit Build 18362 (10.0.18362.778)

CPU:total 8 (initial active 8) (4 cores per cpu, 2 threads per core) family 6 model 60 stepping 3, cmov, cx8, fxsr, mmx, sse, sse2, sse3, ssse3, sse4.1, sse4.2, popcnt, avx, avx2, aes, clmul, erms, lzcnt, ht, tsc, tscinvbit, bmi1, bmi2

Memory: 4k page, physical 8266760k(3553544k free), swap 9774088k(2002132k free)

vm_info: OpenJDK 64-Bit Server VM (25.252-b09) for windows-amd64 JRE (1.8.0_252-b09), built on Apr 22 2020 09:32:45 by "jenkins" with MS VC++ 12.0 (VS2013)

time: Sun May 03 15:33:33 2020
timezone: Paris, Madrid (heure d?été)
elapsed time: 0 seconds (0d 0h 0m 0s)

